mode: set
github.com/Yoochan45/go-game-rental-api/internal/handler/auth_handler.go:23.118,30.2 1 1
github.com/Yoochan45/go-game-rental-api/internal/handler/auth_handler.go:42.54,44.37 2 1
github.com/Yoochan45/go-game-rental-api/internal/handler/auth_handler.go:44.37,46.3 1 0
github.com/Yoochan45/go-game-rental-api/internal/handler/auth_handler.go:47.2,47.48 1 1
github.com/Yoochan45/go-game-rental-api/internal/handler/auth_handler.go:47.48,49.3 1 1
github.com/Yoochan45/go-game-rental-api/internal/handler/auth_handler.go:51.2,52.16 2 1
github.com/Yoochan45/go-game-rental-api/internal/handler/auth_handler.go:52.16,55.3 2 1
github.com/Yoochan45/go-game-rental-api/internal/handler/auth_handler.go:58.2,58.12 1 1
github.com/Yoochan45/go-game-rental-api/internal/handler/auth_handler.go:58.12,68.115 4 1
github.com/Yoochan45/go-game-rental-api/internal/handler/auth_handler.go:68.115,70.4 1 0
github.com/Yoochan45/go-game-rental-api/internal/handler/auth_handler.go:73.2,76.4 1 1
github.com/Yoochan45/go-game-rental-api/internal/handler/auth_handler.go:90.51,92.37 2 1
github.com/Yoochan45/go-game-rental-api/internal/handler/auth_handler.go:92.37,94.3 1 0
github.com/Yoochan45/go-game-rental-api/internal/handler/auth_handler.go:95.2,95.48 1 1
github.com/Yoochan45/go-game-rental-api/internal/handler/auth_handler.go:95.48,97.3 1 1
github.com/Yoochan45/go-game-rental-api/internal/handler/auth_handler.go:99.2,100.16 2 1
github.com/Yoochan45/go-game-rental-api/internal/handler/auth_handler.go:100.16,103.3 2 1
github.com/Yoochan45/go-game-rental-api/internal/handler/auth_handler.go:105.2,105.60 1 1
github.com/Yoochan45/go-game-rental-api/internal/handler/booking_handler.go:22.79,27.2 1 0
github.com/Yoochan45/go-game-rental-api/internal/handler/booking_handler.go:41.62,43.37 2 0
github.com/Yoochan45/go-game-rental-api/internal/handler/booking_handler.go:43.37,45.3 1 0
github.com/Yoochan45/go-game-rental-api/internal/handler/booking_handler.go:46.2,46.48 1 0
github.com/Yoochan45/go-game-rental-api/internal/handler/booking_handler.go:46.48,48.3 1 0
github.com/Yoochan45/go-game-rental-api/internal/handler/booking_handler.go:51.2,52.16 2 0
github.com/Yoochan45/go-game-rental-api/internal/handler/booking_handler.go:52.16,54.3 1 0
github.com/Yoochan45/go-game-rental-api/internal/handler/booking_handler.go:55.2,56.16 2 0
github.com/Yoochan45/go-game-rental-api/internal/handler/booking_handler.go:56.16,58.3 1 0
github.com/Yoochan45/go-game-rental-api/internal/handler/booking_handler.go:60.2,70.16 4 0
github.com/Yoochan45/go-game-rental-api/internal/handler/booking_handler.go:70.16,72.3 1 0
github.com/Yoochan45/go-game-rental-api/internal/handler/booking_handler.go:74.2,74.75 1 0
github.com/Yoochan45/go-game-rental-api/internal/handler/booking_handler.go:89.62,91.17 2 0
github.com/Yoochan45/go-game-rental-api/internal/handler/booking_handler.go:91.17,93.3 1 0
github.com/Yoochan45/go-game-rental-api/internal/handler/booking_handler.go:95.2,98.16 3 0
github.com/Yoochan45/go-game-rental-api/internal/handler/booking_handler.go:98.16,100.3 1 0
github.com/Yoochan45/go-game-rental-api/internal/handler/booking_handler.go:102.2,103.83 2 0
github.com/Yoochan45/go-game-rental-api/internal/handler/booking_handler.go:116.65,121.16 4 0
github.com/Yoochan45/go-game-rental-api/internal/handler/booking_handler.go:121.16,123.3 1 0
github.com/Yoochan45/go-game-rental-api/internal/handler/booking_handler.go:125.2,125.73 1 0
github.com/Yoochan45/go-game-rental-api/internal/handler/booking_handler.go:138.62,143.16 4 0
github.com/Yoochan45/go-game-rental-api/internal/handler/booking_handler.go:143.16,145.3 1 0
github.com/Yoochan45/go-game-rental-api/internal/handler/booking_handler.go:147.2,147.69 1 0
github.com/Yoochan45/go-game-rental-api/internal/handler/booking_handler.go:164.63,169.16 4 0
github.com/Yoochan45/go-game-rental-api/internal/handler/booking_handler.go:169.16,171.3 1 0
github.com/Yoochan45/go-game-rental-api/internal/handler/booking_handler.go:173.2,174.83 2 0
github.com/Yoochan45/go-game-rental-api/internal/handler/booking_handler.go:191.68,193.20 2 0
github.com/Yoochan45/go-game-rental-api/internal/handler/booking_handler.go:193.20,195.3 1 0
github.com/Yoochan45/go-game-rental-api/internal/handler/booking_handler.go:197.2,200.37 2 0
github.com/Yoochan45/go-game-rental-api/internal/handler/booking_handler.go:200.37,202.3 1 0
github.com/Yoochan45/go-game-rental-api/internal/handler/booking_handler.go:204.2,206.16 3 0
github.com/Yoochan45/go-game-rental-api/internal/handler/booking_handler.go:206.16,208.3 1 0
github.com/Yoochan45/go-game-rental-api/internal/handler/booking_handler.go:210.2,210.74 1 0
github.com/Yoochan45/go-game-rental-api/internal/handler/category_handler.go:20.83,25.2 1 0
github.com/Yoochan45/go-game-rental-api/internal/handler/category_handler.go:35.66,37.16 2 0
github.com/Yoochan45/go-game-rental-api/internal/handler/category_handler.go:37.16,39.3 1 0
github.com/Yoochan45/go-game-rental-api/internal/handler/category_handler.go:41.2,41.79 1 0
github.com/Yoochan45/go-game-rental-api/internal/handler/category_handler.go:55.67,57.21 2 0
github.com/Yoochan45/go-game-rental-api/internal/handler/category_handler.go:57.21,59.3 1 0
github.com/Yoochan45/go-game-rental-api/internal/handler/category_handler.go:61.2,62.16 2 0
github.com/Yoochan45/go-game-rental-api/internal/handler/category_handler.go:62.16,64.3 1 0
github.com/Yoochan45/go-game-rental-api/internal/handler/category_handler.go:66.2,66.75 1 0
github.com/Yoochan45/go-game-rental-api/internal/handler/category_handler.go:82.64,84.37 2 0
github.com/Yoochan45/go-game-rental-api/internal/handler/category_handler.go:84.37,86.3 1 0
github.com/Yoochan45/go-game-rental-api/internal/handler/category_handler.go:87.2,87.48 1 0
github.com/Yoochan45/go-game-rental-api/internal/handler/category_handler.go:87.48,89.3 1 0
github.com/Yoochan45/go-game-rental-api/internal/handler/category_handler.go:91.2,101.16 4 0
github.com/Yoochan45/go-game-rental-api/internal/handler/category_handler.go:101.16,103.3 1 0
github.com/Yoochan45/go-game-rental-api/internal/handler/category_handler.go:105.2,105.77 1 0
github.com/Yoochan45/go-game-rental-api/internal/handler/category_handler.go:122.64,124.21 2 0
github.com/Yoochan45/go-game-rental-api/internal/handler/category_handler.go:124.21,126.3 1 0
github.com/Yoochan45/go-game-rental-api/internal/handler/category_handler.go:128.2,129.37 2 0
github.com/Yoochan45/go-game-rental-api/internal/handler/category_handler.go:129.37,131.3 1 0
github.com/Yoochan45/go-game-rental-api/internal/handler/category_handler.go:132.2,132.48 1 0
github.com/Yoochan45/go-game-rental-api/internal/handler/category_handler.go:132.48,134.3 1 0
github.com/Yoochan45/go-game-rental-api/internal/handler/category_handler.go:136.2,145.16 4 0
github.com/Yoochan45/go-game-rental-api/internal/handler/category_handler.go:145.16,147.3 1 0
github.com/Yoochan45/go-game-rental-api/internal/handler/category_handler.go:150.2,151.16 2 0
github.com/Yoochan45/go-game-rental-api/internal/handler/category_handler.go:151.16,153.3 1 0
github.com/Yoochan45/go-game-rental-api/internal/handler/category_handler.go:155.2,155.73 1 0
github.com/Yoochan45/go-game-rental-api/internal/handler/category_handler.go:171.64,173.21 2 0
github.com/Yoochan45/go-game-rental-api/internal/handler/category_handler.go:173.21,175.3 1 0
github.com/Yoochan45/go-game-rental-api/internal/handler/category_handler.go:177.2,179.16 3 0
github.com/Yoochan45/go-game-rental-api/internal/handler/category_handler.go:179.16,181.3 1 0
github.com/Yoochan45/go-game-rental-api/internal/handler/category_handler.go:183.2,183.68 1 0
github.com/Yoochan45/go-game-rental-api/internal/handler/game_handler.go:22.67,27.2 1 0
github.com/Yoochan45/go-game-rental-api/internal/handler/game_handler.go:39.57,45.16 4 0
github.com/Yoochan45/go-game-rental-api/internal/handler/game_handler.go:45.16,48.3 2 0
github.com/Yoochan45/go-game-rental-api/internal/handler/game_handler.go:50.2,53.77 3 0
github.com/Yoochan45/go-game-rental-api/internal/handler/game_handler.go:67.59,69.17 2 0
github.com/Yoochan45/go-game-rental-api/internal/handler/game_handler.go:69.17,71.3 1 0
github.com/Yoochan45/go-game-rental-api/internal/handler/game_handler.go:73.2,74.16 2 0
github.com/Yoochan45/go-game-rental-api/internal/handler/game_handler.go:74.16,76.3 1 0
github.com/Yoochan45/go-game-rental-api/internal/handler/game_handler.go:78.2,78.67 1 0
github.com/Yoochan45/go-game-rental-api/internal/handler/game_handler.go:93.57,95.17 2 0
github.com/Yoochan45/go-game-rental-api/internal/handler/game_handler.go:95.17,97.3 1 0
github.com/Yoochan45/go-game-rental-api/internal/handler/game_handler.go:99.2,102.16 3 0
github.com/Yoochan45/go-game-rental-api/internal/handler/game_handler.go:102.16,104.3 1 0
github.com/Yoochan45/go-game-rental-api/internal/handler/game_handler.go:106.2,107.69 2 0
github.com/Yoochan45/go-game-rental-api/internal/handler/game_handler.go:123.56,125.37 2 0
github.com/Yoochan45/go-game-rental-api/internal/handler/game_handler.go:125.37,127.3 1 0
github.com/Yoochan45/go-game-rental-api/internal/handler/game_handler.go:128.2,128.48 1 0
github.com/Yoochan45/go-game-rental-api/internal/handler/game_handler.go:128.48,130.3 1 0
github.com/Yoochan45/go-game-rental-api/internal/handler/game_handler.go:132.2,147.16 5 0
github.com/Yoochan45/go-game-rental-api/internal/handler/game_handler.go:147.16,149.3 1 0
github.com/Yoochan45/go-game-rental-api/internal/handler/game_handler.go:151.2,151.69 1 0
github.com/Yoochan45/go-game-rental-api/internal/handler/game_handler.go:168.56,170.17 2 0
github.com/Yoochan45/go-game-rental-api/internal/handler/game_handler.go:170.17,172.3 1 0
github.com/Yoochan45/go-game-rental-api/internal/handler/game_handler.go:174.2,175.37 2 0
github.com/Yoochan45/go-game-rental-api/internal/handler/game_handler.go:175.37,177.3 1 0
github.com/Yoochan45/go-game-rental-api/internal/handler/game_handler.go:178.2,178.48 1 0
github.com/Yoochan45/go-game-rental-api/internal/handler/game_handler.go:178.48,180.3 1 0
github.com/Yoochan45/go-game-rental-api/internal/handler/game_handler.go:182.2,183.16 2 0
github.com/Yoochan45/go-game-rental-api/internal/handler/game_handler.go:183.16,185.3 1 0
github.com/Yoochan45/go-game-rental-api/internal/handler/game_handler.go:188.2,188.24 1 0
github.com/Yoochan45/go-game-rental-api/internal/handler/game_handler.go:188.24,190.3 1 0
github.com/Yoochan45/go-game-rental-api/internal/handler/game_handler.go:191.2,191.20 1 0
github.com/Yoochan45/go-game-rental-api/internal/handler/game_handler.go:191.20,193.3 1 0
github.com/Yoochan45/go-game-rental-api/internal/handler/game_handler.go:194.2,194.27 1 0
github.com/Yoochan45/go-game-rental-api/internal/handler/game_handler.go:194.27,196.3 1 0
github.com/Yoochan45/go-game-rental-api/internal/handler/game_handler.go:197.2,197.24 1 0
github.com/Yoochan45/go-game-rental-api/internal/handler/game_handler.go:197.24,199.3 1 0
github.com/Yoochan45/go-game-rental-api/internal/handler/game_handler.go:200.2,200.19 1 0
github.com/Yoochan45/go-game-rental-api/internal/handler/game_handler.go:200.19,204.3 3 0
github.com/Yoochan45/go-game-rental-api/internal/handler/game_handler.go:205.2,205.31 1 0
github.com/Yoochan45/go-game-rental-api/internal/handler/game_handler.go:205.31,207.3 1 0
github.com/Yoochan45/go-game-rental-api/internal/handler/game_handler.go:208.2,208.29 1 0
github.com/Yoochan45/go-game-rental-api/internal/handler/game_handler.go:208.29,210.3 1 0
github.com/Yoochan45/go-game-rental-api/internal/handler/game_handler.go:211.2,211.25 1 0
github.com/Yoochan45/go-game-rental-api/internal/handler/game_handler.go:211.25,213.3 1 0
github.com/Yoochan45/go-game-rental-api/internal/handler/game_handler.go:215.2,219.16 4 0
github.com/Yoochan45/go-game-rental-api/internal/handler/game_handler.go:219.16,221.3 1 0
github.com/Yoochan45/go-game-rental-api/internal/handler/game_handler.go:223.2,223.65 1 0
github.com/Yoochan45/go-game-rental-api/internal/handler/game_handler.go:239.56,241.17 2 0
github.com/Yoochan45/go-game-rental-api/internal/handler/game_handler.go:241.17,243.3 1 0
github.com/Yoochan45/go-game-rental-api/internal/handler/game_handler.go:245.2,247.16 3 0
github.com/Yoochan45/go-game-rental-api/internal/handler/game_handler.go:247.16,249.3 1 0
github.com/Yoochan45/go-game-rental-api/internal/handler/game_handler.go:251.2,251.64 1 0
github.com/Yoochan45/go-game-rental-api/internal/handler/payment_handler.go:20.79,25.2 1 0
github.com/Yoochan45/go-game-rental-api/internal/handler/payment_handler.go:40.62,42.17 2 0
github.com/Yoochan45/go-game-rental-api/internal/handler/payment_handler.go:42.17,44.3 1 0
github.com/Yoochan45/go-game-rental-api/internal/handler/payment_handler.go:46.2,47.20 2 0
github.com/Yoochan45/go-game-rental-api/internal/handler/payment_handler.go:47.20,49.3 1 0
github.com/Yoochan45/go-game-rental-api/internal/handler/payment_handler.go:51.2,52.37 2 0
github.com/Yoochan45/go-game-rental-api/internal/handler/payment_handler.go:52.37,54.3 1 0
github.com/Yoochan45/go-game-rental-api/internal/handler/payment_handler.go:55.2,55.48 1 0
github.com/Yoochan45/go-game-rental-api/internal/handler/payment_handler.go:55.48,57.3 1 0
github.com/Yoochan45/go-game-rental-api/internal/handler/payment_handler.go:59.2,60.16 2 0
github.com/Yoochan45/go-game-rental-api/internal/handler/payment_handler.go:60.16,62.3 1 0
github.com/Yoochan45/go-game-rental-api/internal/handler/payment_handler.go:64.2,64.71 1 0
github.com/Yoochan45/go-game-rental-api/internal/handler/payment_handler.go:80.68,82.17 2 0
github.com/Yoochan45/go-game-rental-api/internal/handler/payment_handler.go:82.17,84.3 1 0
github.com/Yoochan45/go-game-rental-api/internal/handler/payment_handler.go:86.2,87.20 2 0
github.com/Yoochan45/go-game-rental-api/internal/handler/payment_handler.go:87.20,89.3 1 0
github.com/Yoochan45/go-game-rental-api/internal/handler/payment_handler.go:91.2,92.16 2 0
github.com/Yoochan45/go-game-rental-api/internal/handler/payment_handler.go:92.16,94.3 1 0
github.com/Yoochan45/go-game-rental-api/internal/handler/payment_handler.go:96.2,96.73 1 0
github.com/Yoochan45/go-game-rental-api/internal/handler/payment_handler.go:112.65,114.20 2 0
github.com/Yoochan45/go-game-rental-api/internal/handler/payment_handler.go:114.20,116.3 1 0
github.com/Yoochan45/go-game-rental-api/internal/handler/payment_handler.go:118.2,120.16 3 0
github.com/Yoochan45/go-game-rental-api/internal/handler/payment_handler.go:120.16,122.3 1 0
github.com/Yoochan45/go-game-rental-api/internal/handler/payment_handler.go:124.2,124.73 1 0
github.com/Yoochan45/go-game-rental-api/internal/handler/payment_handler.go:137.63,139.45 2 0
github.com/Yoochan45/go-game-rental-api/internal/handler/payment_handler.go:139.45,141.3 1 0
github.com/Yoochan45/go-game-rental-api/internal/handler/payment_handler.go:144.2,145.16 2 0
github.com/Yoochan45/go-game-rental-api/internal/handler/payment_handler.go:145.16,147.3 1 0
github.com/Yoochan45/go-game-rental-api/internal/handler/payment_handler.go:149.2,149.69 1 0
github.com/Yoochan45/go-game-rental-api/internal/handler/payment_handler.go:166.63,171.16 4 0
github.com/Yoochan45/go-game-rental-api/internal/handler/payment_handler.go:171.16,173.3 1 0
github.com/Yoochan45/go-game-rental-api/internal/handler/payment_handler.go:175.2,176.83 2 0
github.com/Yoochan45/go-game-rental-api/internal/handler/payment_handler.go:193.68,199.16 5 0
github.com/Yoochan45/go-game-rental-api/internal/handler/payment_handler.go:199.16,201.3 1 0
github.com/Yoochan45/go-game-rental-api/internal/handler/payment_handler.go:203.2,204.83 2 0
github.com/Yoochan45/go-game-rental-api/internal/handler/review_handler.go:20.75,25.2 1 0
github.com/Yoochan45/go-game-rental-api/internal/handler/review_handler.go:40.60,42.17 2 0
github.com/Yoochan45/go-game-rental-api/internal/handler/review_handler.go:42.17,44.3 1 0
github.com/Yoochan45/go-game-rental-api/internal/handler/review_handler.go:46.2,47.20 2 0
github.com/Yoochan45/go-game-rental-api/internal/handler/review_handler.go:47.20,49.3 1 0
github.com/Yoochan45/go-game-rental-api/internal/handler/review_handler.go:51.2,52.37 2 0
github.com/Yoochan45/go-game-rental-api/internal/handler/review_handler.go:52.37,54.3 1 0
github.com/Yoochan45/go-game-rental-api/internal/handler/review_handler.go:55.2,55.48 1 0
github.com/Yoochan45/go-game-rental-api/internal/handler/review_handler.go:55.48,57.3 1 0
github.com/Yoochan45/go-game-rental-api/internal/handler/review_handler.go:59.2,65.16 3 0
github.com/Yoochan45/go-game-rental-api/internal/handler/review_handler.go:65.16,67.3 1 0
github.com/Yoochan45/go-game-rental-api/internal/handler/review_handler.go:69.2,69.66 1 0
github.com/Yoochan45/go-game-rental-api/internal/handler/review_handler.go:85.62,87.17 2 0
github.com/Yoochan45/go-game-rental-api/internal/handler/review_handler.go:87.17,89.3 1 0
github.com/Yoochan45/go-game-rental-api/internal/handler/review_handler.go:91.2,94.16 3 0
github.com/Yoochan45/go-game-rental-api/internal/handler/review_handler.go:94.16,96.3 1 0
github.com/Yoochan45/go-game-rental-api/internal/handler/review_handler.go:98.2,99.81 2 0
github.com/Yoochan45/go-game-rental-api/internal/handler/user_handler.go:21.67,26.2 1 0
github.com/Yoochan45/go-game-rental-api/internal/handler/user_handler.go:38.58,42.16 3 0
github.com/Yoochan45/go-game-rental-api/internal/handler/user_handler.go:42.16,44.3 1 0
github.com/Yoochan45/go-game-rental-api/internal/handler/user_handler.go:46.2,46.70 1 0
github.com/Yoochan45/go-game-rental-api/internal/handler/user_handler.go:61.61,65.37 3 0
github.com/Yoochan45/go-game-rental-api/internal/handler/user_handler.go:65.37,67.3 1 0
github.com/Yoochan45/go-game-rental-api/internal/handler/user_handler.go:68.2,68.48 1 0
github.com/Yoochan45/go-game-rental-api/internal/handler/user_handler.go:68.48,70.3 1 0
github.com/Yoochan45/go-game-rental-api/internal/handler/user_handler.go:72.2,73.16 2 0
github.com/Yoochan45/go-game-rental-api/internal/handler/user_handler.go:73.16,75.3 1 0
github.com/Yoochan45/go-game-rental-api/internal/handler/user_handler.go:78.2,79.16 2 0
github.com/Yoochan45/go-game-rental-api/internal/handler/user_handler.go:79.16,81.3 1 0
github.com/Yoochan45/go-game-rental-api/internal/handler/user_handler.go:83.2,83.68 1 0
github.com/Yoochan45/go-game-rental-api/internal/handler/user_handler.go:99.57,104.16 4 0
github.com/Yoochan45/go-game-rental-api/internal/handler/user_handler.go:104.16,106.3 1 0
github.com/Yoochan45/go-game-rental-api/internal/handler/user_handler.go:108.2,109.77 2 0
github.com/Yoochan45/go-game-rental-api/internal/handler/user_handler.go:126.59,128.17 2 0
github.com/Yoochan45/go-game-rental-api/internal/handler/user_handler.go:128.17,130.3 1 0
github.com/Yoochan45/go-game-rental-api/internal/handler/user_handler.go:132.2,134.16 3 0
github.com/Yoochan45/go-game-rental-api/internal/handler/user_handler.go:134.16,136.3 1 0
github.com/Yoochan45/go-game-rental-api/internal/handler/user_handler.go:138.2,138.67 1 0
github.com/Yoochan45/go-game-rental-api/internal/handler/user_handler.go:155.60,157.17 2 0
github.com/Yoochan45/go-game-rental-api/internal/handler/user_handler.go:157.17,159.3 1 0
github.com/Yoochan45/go-game-rental-api/internal/handler/user_handler.go:161.2,162.37 2 0
github.com/Yoochan45/go-game-rental-api/internal/handler/user_handler.go:162.37,164.3 1 0
github.com/Yoochan45/go-game-rental-api/internal/handler/user_handler.go:165.2,165.48 1 0
github.com/Yoochan45/go-game-rental-api/internal/handler/user_handler.go:165.48,167.3 1 0
github.com/Yoochan45/go-game-rental-api/internal/handler/user_handler.go:169.2,171.16 3 0
github.com/Yoochan45/go-game-rental-api/internal/handler/user_handler.go:171.16,173.3 1 0
github.com/Yoochan45/go-game-rental-api/internal/handler/user_handler.go:176.2,177.16 2 0
github.com/Yoochan45/go-game-rental-api/internal/handler/user_handler.go:177.16,179.3 1 0
github.com/Yoochan45/go-game-rental-api/internal/handler/user_handler.go:181.2,181.70 1 0
github.com/Yoochan45/go-game-rental-api/internal/handler/user_handler.go:197.62,199.17 2 0
github.com/Yoochan45/go-game-rental-api/internal/handler/user_handler.go:199.17,201.3 1 0
github.com/Yoochan45/go-game-rental-api/internal/handler/user_handler.go:203.2,205.16 3 0
github.com/Yoochan45/go-game-rental-api/internal/handler/user_handler.go:205.16,207.3 1 0
github.com/Yoochan45/go-game-rental-api/internal/handler/user_handler.go:210.2,211.16 2 0
github.com/Yoochan45/go-game-rental-api/internal/handler/user_handler.go:211.16,213.3 1 0
github.com/Yoochan45/go-game-rental-api/internal/handler/user_handler.go:215.2,215.72 1 0
github.com/Yoochan45/go-game-rental-api/internal/handler/user_handler.go:231.56,233.17 2 0
github.com/Yoochan45/go-game-rental-api/internal/handler/user_handler.go:233.17,235.3 1 0
github.com/Yoochan45/go-game-rental-api/internal/handler/user_handler.go:238.2,248.16 8 0
github.com/Yoochan45/go-game-rental-api/internal/handler/user_handler.go:248.16,251.3 2 0
github.com/Yoochan45/go-game-rental-api/internal/handler/user_handler.go:253.2,254.64 2 0
